[2017-06-08 15:19:29.877] [INFO] pomelo - [32m[C:\www\pomelo\doudizhu\game-server\node_modules\pomelo\lib\application.js] [39mapplication inited: "connector-server-1"
[2017-06-08 15:19:30.284] [INFO] pomelo - [32m[C:\www\pomelo\doudizhu\game-server\node_modules\pomelo\lib\application.js] [39m"connector-server-1" enter after start...
[2017-06-08 15:19:30.290] [INFO] pomelo - [32m[C:\www\pomelo\doudizhu\game-server\node_modules\pomelo\lib\application.js] [39m"connector-server-1" finish start
[2017-06-08 15:19:30.291] [INFO] pomelo - [32m[C:\www\pomelo\doudizhu\game-server\node_modules\pomelo\lib\application.js] [39m"connector-server-1" startup in 338 ms
[2017-06-08 15:20:54.855] [DEBUG] pomelo - [36m[C:\www\pomelo\doudizhu\game-server\node_modules\pomelo\lib\components\connector.js] [39m[connector-server-1] getSession session is created with session id: 1
[2017-06-08 15:20:54.928] [DEBUG] pomelo - [36m[C:\www\pomelo\doudizhu\game-server\node_modules\pomelo\lib\components\connector.js] [39m[connector-server-1] handleMessage session id: 1, msg: {"id":1,"type":0,"compressRoute":0,"route":"connector.entryHandler.entry","body":"hello pomelo","compressGzip":0}
[2017-06-08 15:20:54.931] [DEBUG] pomelo - [36m[C:\www\pomelo\doudizhu\game-server\node_modules\pomelo\lib\components\connector.js] [39m[connector-server-1] send message reqId: 1, route: connector.entryHandler.entry, msg: {"code":200,"msg":"game server is ok."}, receivers: [1], opts: {"type":"response","userOptions":{},"isResponse":true}
[2017-06-08 15:20:58.225] [DEBUG] pomelo - [36m[C:\www\pomelo\doudizhu\game-server\node_modules\pomelo\lib\common\service\sessionService.js] [39msession on [connector-server-1] is closed with session id: 1
[2017-06-10 10:30:48.984] [INFO] pomelo - [32m[C:\www\pomelo\doudizhu\game-server\node_modules\pomelo\lib\application.js] [39mapplication inited: "connector-server-1"
[2017-06-10 10:30:50.534] [INFO] pomelo - [32m[C:\www\pomelo\doudizhu\game-server\node_modules\pomelo\lib\application.js] [39m"connector-server-1" enter after start...
[2017-06-10 10:30:50.538] [INFO] pomelo - [32m[C:\www\pomelo\doudizhu\game-server\node_modules\pomelo\lib\application.js] [39m"connector-server-1" finish start
[2017-06-10 10:30:50.539] [INFO] pomelo - [32m[C:\www\pomelo\doudizhu\game-server\node_modules\pomelo\lib\application.js] [39m"connector-server-1" startup in 1151 ms
[2017-06-10 10:33:47.525] [DEBUG] pomelo - [36m[C:\www\pomelo\doudizhu\game-server\node_modules\pomelo\lib\components\connector.js] [39m[connector-server-1] getSession session is created with session id: 1
[2017-06-10 10:33:47.699] [DEBUG] pomelo - [36m[C:\www\pomelo\doudizhu\game-server\node_modules\pomelo\lib\components\connector.js] [39m[connector-server-1] handleMessage session id: 1, msg: {"id":0,"type":1,"compressRoute":0,"route":"connector.roomHandler.enterRoom","body":{"id":"5935282334939e2dc02c9e07","nicheng":"1","room":"room9"},"compressGzip":0}
[2017-06-10 10:33:47.706] [DEBUG] pomelo - [36m[C:\www\pomelo\doudizhu\game-server\node_modules\pomelo\lib\components\connector.js] [39msession on [connector-server-1] bind with uid: 5935282334939e2dc02c9e07
[2017-06-10 10:33:47.707] [WARN] pomelo - [33m[C:\www\pomelo\doudizhu\game-server\node_modules\pomelo\lib\components\connector.js] [39mtry to response to a notify: "connector.roomHandler.enterRoom"
[2017-06-10 10:33:47.709] [DEBUG] pomelo - [36m[C:\www\pomelo\doudizhu\game-server\node_modules\pomelo\lib\common\service\channelService.js] [39m[connector-server-1] channelService sendMessageByGroup route: enterRoom, msg: "1进入房间了", groups: {"connector-server-1":["5935282334939e2dc02c9e07"]}, opts: {}
[2017-06-10 10:33:47.710] [DEBUG] pomelo - [36m[C:\www\pomelo\doudizhu\game-server\node_modules\pomelo\lib\common\remote\frontend\channelRemote.js] [39m[connector-server-1] pushMessage uids: ["5935282334939e2dc02c9e07"], msg: "1进入房间了", sids: [1]
[2017-06-10 10:33:47.710] [DEBUG] pomelo - [36m[C:\www\pomelo\doudizhu\game-server\node_modules\pomelo\lib\components\connector.js] [39m[connector-server-1] send message reqId: null, route: enterRoom, msg: "1进入房间了", receivers: [1], opts: {"type":"push","userOptions":{},"isPush":true}
[2017-06-10 10:37:48.398] [DEBUG] pomelo - [36m[C:\www\pomelo\doudizhu\game-server\node_modules\pomelo\lib\components\connector.js] [39m[connector-server-1] getSession session is created with session id: 2
[2017-06-10 10:37:48.421] [DEBUG] pomelo - [36m[C:\www\pomelo\doudizhu\game-server\node_modules\pomelo\lib\components\connector.js] [39m[connector-server-1] handleMessage session id: 2, msg: {"id":0,"type":1,"compressRoute":0,"route":"connector.roomHandler.enterRoom","body":{},"compressGzip":0}
[2017-06-10 10:37:48.421] [DEBUG] pomelo - [36m[C:\www\pomelo\doudizhu\game-server\node_modules\pomelo\lib\components\connector.js] [39msession on [connector-server-1] bind with uid: undefined
[2017-06-10 10:37:48.422] [WARN] pomelo - [33m[C:\www\pomelo\doudizhu\game-server\node_modules\pomelo\lib\components\connector.js] [39mtry to response to a notify: "connector.roomHandler.enterRoom"
[2017-06-10 10:37:48.423] [DEBUG] pomelo - [36m[C:\www\pomelo\doudizhu\game-server\node_modules\pomelo\lib\common\service\channelService.js] [39m[connector-server-1] channelService sendMessageByGroup route: enterRoom, msg: "undefined进入房间了", groups: {"connector-server-1":[null]}, opts: {}
[2017-06-10 10:37:48.424] [DEBUG] pomelo - [36m[C:\www\pomelo\doudizhu\game-server\node_modules\pomelo\lib\common\remote\frontend\channelRemote.js] [39m[connector-server-1] pushMessage uids: [null], msg: "undefined进入房间了", sids: [2]
[2017-06-10 10:37:48.424] [DEBUG] pomelo - [36m[C:\www\pomelo\doudizhu\game-server\node_modules\pomelo\lib\components\connector.js] [39m[connector-server-1] send message reqId: null, route: enterRoom, msg: "undefined进入房间了", receivers: [2], opts: {"type":"push","userOptions":{},"isPush":true}
[2017-06-10 10:37:52.696] [INFO] pomelo - [32m[C:\www\pomelo\doudizhu\game-server\node_modules\pomelo\lib\connectors\commands\heartbeat.js] [39mclient 1 heartbeat timeout.
[2017-06-10 10:37:52.698] [DEBUG] pomelo - [36m[C:\www\pomelo\doudizhu\game-server\node_modules\pomelo\lib\common\service\sessionService.js] [39msession on [connector-server-1] is closed with session id: 1
[2017-06-10 10:45:47.772] [INFO] pomelo - [32m[C:\www\pomelo\doudizhu\game-server\node_modules\pomelo\lib\application.js] [39mapplication inited: "connector-server-1"
[2017-06-10 10:45:48.187] [INFO] pomelo - [32m[C:\www\pomelo\doudizhu\game-server\node_modules\pomelo\lib\application.js] [39m"connector-server-1" enter after start...
[2017-06-10 10:45:48.192] [INFO] pomelo - [32m[C:\www\pomelo\doudizhu\game-server\node_modules\pomelo\lib\application.js] [39m"connector-server-1" finish start
[2017-06-10 10:45:48.192] [INFO] pomelo - [32m[C:\www\pomelo\doudizhu\game-server\node_modules\pomelo\lib\application.js] [39m"connector-server-1" startup in 346 ms
[2017-06-10 10:46:26.446] [DEBUG] pomelo - [36m[C:\www\pomelo\doudizhu\game-server\node_modules\pomelo\lib\components\connector.js] [39m[connector-server-1] getSession session is created with session id: 1
[2017-06-10 10:46:26.460] [DEBUG] pomelo - [36m[C:\www\pomelo\doudizhu\game-server\node_modules\pomelo\lib\components\connector.js] [39m[connector-server-1] handleMessage session id: 1, msg: {"id":0,"type":1,"compressRoute":0,"route":"connector.roomHandler.enterRoom","body":{"id":"5935282334939e2dc02c9e07","nicheng":"1","room":"room10"},"compressGzip":0}
[2017-06-10 10:46:26.465] [DEBUG] pomelo - [36m[C:\www\pomelo\doudizhu\game-server\node_modules\pomelo\lib\components\connector.js] [39msession on [connector-server-1] bind with uid: 5935282334939e2dc02c9e07
[2017-06-10 10:46:26.466] [WARN] pomelo - [33m[C:\www\pomelo\doudizhu\game-server\node_modules\pomelo\lib\components\connector.js] [39mtry to response to a notify: "connector.roomHandler.enterRoom"
[2017-06-10 10:46:26.468] [DEBUG] pomelo - [36m[C:\www\pomelo\doudizhu\game-server\node_modules\pomelo\lib\common\service\channelService.js] [39m[connector-server-1] channelService sendMessageByGroup route: enterRoom, msg: "1进入房间了", groups: {"connector-server-1":["5935282334939e2dc02c9e07"]}, opts: {}
[2017-06-10 10:46:26.469] [DEBUG] pomelo - [36m[C:\www\pomelo\doudizhu\game-server\node_modules\pomelo\lib\common\remote\frontend\channelRemote.js] [39m[connector-server-1] pushMessage uids: ["5935282334939e2dc02c9e07"], msg: "1进入房间了", sids: [1]
[2017-06-10 10:46:26.469] [DEBUG] pomelo - [36m[C:\www\pomelo\doudizhu\game-server\node_modules\pomelo\lib\components\connector.js] [39m[connector-server-1] send message reqId: null, route: enterRoom, msg: "1进入房间了", receivers: [1], opts: {"type":"push","userOptions":{},"isPush":true}
[2017-06-10 10:46:31.565] [DEBUG] pomelo - [36m[C:\www\pomelo\doudizhu\game-server\node_modules\pomelo\lib\components\connector.js] [39m[connector-server-1] getSession session is created with session id: 2
[2017-06-10 10:46:31.577] [DEBUG] pomelo - [36m[C:\www\pomelo\doudizhu\game-server\node_modules\pomelo\lib\components\connector.js] [39m[connector-server-1] handleMessage session id: 2, msg: {"id":0,"type":1,"compressRoute":0,"route":"connector.roomHandler.enterRoom","body":{"id":"5935282334939e2dc02c9e07","nicheng":"1","room":"room11"},"compressGzip":0}
[2017-06-10 10:46:31.578] [DEBUG] pomelo - [36m[C:\www\pomelo\doudizhu\game-server\node_modules\pomelo\lib\components\connector.js] [39msession on [connector-server-1] bind with uid: 5935282334939e2dc02c9e07
[2017-06-10 10:46:31.579] [WARN] pomelo - [33m[C:\www\pomelo\doudizhu\game-server\node_modules\pomelo\lib\components\connector.js] [39mtry to response to a notify: "connector.roomHandler.enterRoom"
[2017-06-10 10:46:31.579] [DEBUG] pomelo - [36m[C:\www\pomelo\doudizhu\game-server\node_modules\pomelo\lib\common\service\channelService.js] [39m[connector-server-1] channelService sendMessageByGroup route: enterRoom, msg: "1进入房间了", groups: {"connector-server-1":["5935282334939e2dc02c9e07"]}, opts: {}
[2017-06-10 10:46:31.580] [DEBUG] pomelo - [36m[C:\www\pomelo\doudizhu\game-server\node_modules\pomelo\lib\common\remote\frontend\channelRemote.js] [39m[connector-server-1] pushMessage uids: ["5935282334939e2dc02c9e07"], msg: "1进入房间了", sids: [1,2]
[2017-06-10 10:46:31.581] [DEBUG] pomelo - [36m[C:\www\pomelo\doudizhu\game-server\node_modules\pomelo\lib\components\connector.js] [39m[connector-server-1] send message reqId: null, route: enterRoom, msg: "1进入房间了", receivers: [1,2], opts: {"type":"push","userOptions":{},"isPush":true}
[2017-06-10 10:46:36.880] [INFO] pomelo - [32m[C:\www\pomelo\doudizhu\game-server\node_modules\pomelo\lib\connectors\commands\heartbeat.js] [39mclient 1 heartbeat timeout.
[2017-06-10 10:46:36.884] [DEBUG] pomelo - [36m[C:\www\pomelo\doudizhu\game-server\node_modules\pomelo\lib\common\service\sessionService.js] [39msession on [connector-server-1] is closed with session id: 1
[2017-06-10 10:46:37.590] [INFO] pomelo - [32m[C:\www\pomelo\doudizhu\game-server\node_modules\pomelo\lib\connectors\commands\heartbeat.js] [39mclient 2 heartbeat timeout.
[2017-06-10 10:46:37.591] [DEBUG] pomelo - [36m[C:\www\pomelo\doudizhu\game-server\node_modules\pomelo\lib\common\service\sessionService.js] [39msession on [connector-server-1] is closed with session id: 2
[2017-06-10 10:46:44.915] [DEBUG] pomelo - [36m[C:\www\pomelo\doudizhu\game-server\node_modules\pomelo\lib\components\connector.js] [39m[connector-server-1] getSession session is created with session id: 3
[2017-06-10 10:46:44.922] [DEBUG] pomelo - [36m[C:\www\pomelo\doudizhu\game-server\node_modules\pomelo\lib\components\connector.js] [39m[connector-server-1] handleMessage session id: 3, msg: {"id":0,"type":1,"compressRoute":0,"route":"connector.roomHandler.enterRoom","body":{"id":"5935282334939e2dc02c9e07","nicheng":"1","room":"room12"},"compressGzip":0}
[2017-06-10 10:46:44.922] [DEBUG] pomelo - [36m[C:\www\pomelo\doudizhu\game-server\node_modules\pomelo\lib\components\connector.js] [39msession on [connector-server-1] bind with uid: 5935282334939e2dc02c9e07
[2017-06-10 10:46:44.923] [WARN] pomelo - [33m[C:\www\pomelo\doudizhu\game-server\node_modules\pomelo\lib\components\connector.js] [39mtry to response to a notify: "connector.roomHandler.enterRoom"
[2017-06-10 10:46:44.923] [DEBUG] pomelo - [36m[C:\www\pomelo\doudizhu\game-server\node_modules\pomelo\lib\common\service\channelService.js] [39m[connector-server-1] channelService sendMessageByGroup route: enterRoom, msg: "1进入房间了", groups: {"connector-server-1":["5935282334939e2dc02c9e07"]}, opts: {}
[2017-06-10 10:46:44.923] [DEBUG] pomelo - [36m[C:\www\pomelo\doudizhu\game-server\node_modules\pomelo\lib\common\remote\frontend\channelRemote.js] [39m[connector-server-1] pushMessage uids: ["5935282334939e2dc02c9e07"], msg: "1进入房间了", sids: [3]
[2017-06-10 10:46:44.924] [DEBUG] pomelo - [36m[C:\www\pomelo\doudizhu\game-server\node_modules\pomelo\lib\components\connector.js] [39m[connector-server-1] send message reqId: null, route: enterRoom, msg: "1进入房间了", receivers: [3], opts: {"type":"push","userOptions":{},"isPush":true}
[2017-06-10 10:48:09.377] [DEBUG] pomelo - [36m[C:\www\pomelo\doudizhu\game-server\node_modules\pomelo\lib\common\service\sessionService.js] [39msession on [connector-server-1] is closed with session id: 3
[2017-06-10 11:14:51.127] [DEBUG] pomelo - [36m[C:\www\pomelo\doudizhu\game-server\node_modules\pomelo\lib\components\connector.js] [39m[connector-server-1] getSession session is created with session id: 4
[2017-06-10 11:14:51.152] [DEBUG] pomelo - [36m[C:\www\pomelo\doudizhu\game-server\node_modules\pomelo\lib\components\connector.js] [39m[connector-server-1] handleMessage session id: 4, msg: {"id":0,"type":1,"compressRoute":0,"route":"connector.roomHandler.enterRoom","body":{"id":"5935282334939e2dc02c9e07","nicheng":"1","room":"room13"},"compressGzip":0}
[2017-06-10 11:14:51.152] [DEBUG] pomelo - [36m[C:\www\pomelo\doudizhu\game-server\node_modules\pomelo\lib\components\connector.js] [39msession on [connector-server-1] bind with uid: 5935282334939e2dc02c9e07
[2017-06-10 11:14:51.152] [WARN] pomelo - [33m[C:\www\pomelo\doudizhu\game-server\node_modules\pomelo\lib\components\connector.js] [39mtry to response to a notify: "connector.roomHandler.enterRoom"
[2017-06-10 11:14:51.153] [DEBUG] pomelo - [36m[C:\www\pomelo\doudizhu\game-server\node_modules\pomelo\lib\common\service\channelService.js] [39m[connector-server-1] channelService sendMessageByGroup route: enterRoom, msg: "1进入房间了", groups: {"connector-server-1":["5935282334939e2dc02c9e07"]}, opts: {}
[2017-06-10 11:14:51.153] [DEBUG] pomelo - [36m[C:\www\pomelo\doudizhu\game-server\node_modules\pomelo\lib\common\remote\frontend\channelRemote.js] [39m[connector-server-1] pushMessage uids: ["5935282334939e2dc02c9e07"], msg: "1进入房间了", sids: [4]
[2017-06-10 11:14:51.153] [DEBUG] pomelo - [36m[C:\www\pomelo\doudizhu\game-server\node_modules\pomelo\lib\components\connector.js] [39m[connector-server-1] send message reqId: null, route: enterRoom, msg: "1进入房间了", receivers: [4], opts: {"type":"push","userOptions":{},"isPush":true}
[2017-06-10 11:14:57.285] [DEBUG] pomelo - [36m[C:\www\pomelo\doudizhu\game-server\node_modules\pomelo\lib\components\connector.js] [39m[connector-server-1] getSession session is created with session id: 5
[2017-06-10 11:14:57.291] [DEBUG] pomelo - [36m[C:\www\pomelo\doudizhu\game-server\node_modules\pomelo\lib\components\connector.js] [39m[connector-server-1] handleMessage session id: 5, msg: {"id":0,"type":1,"compressRoute":0,"route":"connector.roomHandler.enterRoom","body":{"id":"5935282334939e2dc02c9e07","nicheng":"1","room":"room14"},"compressGzip":0}
[2017-06-10 11:14:57.292] [DEBUG] pomelo - [36m[C:\www\pomelo\doudizhu\game-server\node_modules\pomelo\lib\components\connector.js] [39msession on [connector-server-1] bind with uid: 5935282334939e2dc02c9e07
[2017-06-10 11:14:57.294] [WARN] pomelo - [33m[C:\www\pomelo\doudizhu\game-server\node_modules\pomelo\lib\components\connector.js] [39mtry to response to a notify: "connector.roomHandler.enterRoom"
[2017-06-10 11:14:57.294] [DEBUG] pomelo - [36m[C:\www\pomelo\doudizhu\game-server\node_modules\pomelo\lib\common\service\channelService.js] [39m[connector-server-1] channelService sendMessageByGroup route: enterRoom, msg: "1进入房间了", groups: {"connector-server-1":["5935282334939e2dc02c9e07"]}, opts: {}
[2017-06-10 11:14:57.295] [DEBUG] pomelo - [36m[C:\www\pomelo\doudizhu\game-server\node_modules\pomelo\lib\common\remote\frontend\channelRemote.js] [39m[connector-server-1] pushMessage uids: ["5935282334939e2dc02c9e07"], msg: "1进入房间了", sids: [4,5]
[2017-06-10 11:14:57.295] [DEBUG] pomelo - [36m[C:\www\pomelo\doudizhu\game-server\node_modules\pomelo\lib\components\connector.js] [39m[connector-server-1] send message reqId: null, route: enterRoom, msg: "1进入房间了", receivers: [4,5], opts: {"type":"push","userOptions":{},"isPush":true}
[2017-06-10 11:15:01.250] [INFO] pomelo - [32m[C:\www\pomelo\doudizhu\game-server\node_modules\pomelo\lib\connectors\commands\heartbeat.js] [39mclient 4 heartbeat timeout.
[2017-06-10 11:15:01.251] [DEBUG] pomelo - [36m[C:\www\pomelo\doudizhu\game-server\node_modules\pomelo\lib\common\service\sessionService.js] [39msession on [connector-server-1] is closed with session id: 4
[2017-06-10 11:16:09.711] [DEBUG] pomelo - [36m[C:\www\pomelo\doudizhu\game-server\node_modules\pomelo\lib\common\service\sessionService.js] [39msession on [connector-server-1] is closed with session id: 5
[2017-06-10 14:01:43.834] [DEBUG] pomelo - [36m[C:\www\pomelo\doudizhu\game-server\node_modules\pomelo\lib\components\connector.js] [39m[connector-server-1] getSession session is created with session id: 6
[2017-06-10 14:01:43.848] [DEBUG] pomelo - [36m[C:\www\pomelo\doudizhu\game-server\node_modules\pomelo\lib\components\connector.js] [39m[connector-server-1] handleMessage session id: 6, msg: {"id":0,"type":1,"compressRoute":0,"route":"connector.roomHandler.enterRoom","body":{"id":"5935282334939e2dc02c9e07","nicheng":"1","room":"room15"},"compressGzip":0}
[2017-06-10 14:01:43.850] [DEBUG] pomelo - [36m[C:\www\pomelo\doudizhu\game-server\node_modules\pomelo\lib\components\connector.js] [39msession on [connector-server-1] bind with uid: 5935282334939e2dc02c9e07
[2017-06-10 14:01:43.850] [WARN] pomelo - [33m[C:\www\pomelo\doudizhu\game-server\node_modules\pomelo\lib\components\connector.js] [39mtry to response to a notify: "connector.roomHandler.enterRoom"
[2017-06-10 14:01:43.851] [DEBUG] pomelo - [36m[C:\www\pomelo\doudizhu\game-server\node_modules\pomelo\lib\common\service\channelService.js] [39m[connector-server-1] channelService sendMessageByGroup route: enterRoom, msg: "1进入房间了", groups: {"connector-server-1":["5935282334939e2dc02c9e07"]}, opts: {}
[2017-06-10 14:01:43.852] [DEBUG] pomelo - [36m[C:\www\pomelo\doudizhu\game-server\node_modules\pomelo\lib\common\remote\frontend\channelRemote.js] [39m[connector-server-1] pushMessage uids: ["5935282334939e2dc02c9e07"], msg: "1进入房间了", sids: [6]
[2017-06-10 14:01:43.852] [DEBUG] pomelo - [36m[C:\www\pomelo\doudizhu\game-server\node_modules\pomelo\lib\components\connector.js] [39m[connector-server-1] send message reqId: null, route: enterRoom, msg: "1进入房间了", receivers: [6], opts: {"type":"push","userOptions":{},"isPush":true}
[2017-06-10 14:01:52.980] [DEBUG] pomelo - [36m[C:\www\pomelo\doudizhu\game-server\node_modules\pomelo\lib\common\service\sessionService.js] [39msession on [connector-server-1] is closed with session id: 6
